<?xml version="1.0" encoding="UTF-8"?>
<!-- Generated by org.testng.reporters.JUnitXMLReporter -->
<testsuite hostname="Ragav" ignored="0" name="Default test" tests="4" failures="0" timestamp="2020-08-27T10:06:17 IST" time="89.832" errors="0">
  <testcase name="validateHomePage" time="17.637" classname="com.vcentry.lab.testCases.HomePageTest"/>
  <testcase name="validateHomePage" time="14.245" classname="com.vcentry.lab.testCases.HomePageTest"/>
  <testcase name="validateHomePage" time="34.811" classname="com.vcentry.lab.testCases.HomePageTest"/>
  <testcase name="validateHomePage" time="21.276" classname="com.vcentry.lab.testCases.HomePageTest"/>
</testsuite> <!-- Default test -->
